2012-12-04 09:12:52,959 INFO  [main] analytic.ObjectAnalytic (ObjectAnalytic.java:26)     - Table=T_BLACK_LIST Catalog=
2012-12-04 09:12:52,980 INFO  [main] analytic.ObjectAnalytic (ObjectAnalytic.java:36)     - field=id generic_name= uuid strategy= 0
2012-12-04 09:12:52,980 INFO  [main] analytic.ObjectAnalytic (ObjectAnalytic.java:43)     - Field=userArea name=USER_AREA unique=false nullable=true
2012-12-04 09:12:52,980 INFO  [main] analytic.ObjectAnalytic (ObjectAnalytic.java:43)     - Field=userNum name=USER_NUM unique=false nullable=true
2012-12-04 09:12:52,980 INFO  [main] analytic.ObjectAnalytic (ObjectAnalytic.java:43)     - Field=createDate name=CREATE_TIME unique=false nullable=true
2012-12-04 14:42:11,122 INFO  [main] analytic.ObjectAnalytic (ObjectAnalytic.java:26)     - Table=T_BLACK_LIST Catalog=
2012-12-04 14:42:11,147 INFO  [main] analytic.ObjectAnalytic (ObjectAnalytic.java:36)     - field=id generic_name= uuid strategy= 0
2012-12-04 14:42:11,148 INFO  [main] analytic.ObjectAnalytic (ObjectAnalytic.java:43)     - Field=userArea name=USER_AREA unique=false nullable=true
2012-12-04 14:42:11,148 INFO  [main] analytic.ObjectAnalytic (ObjectAnalytic.java:44)     - class java.lang.String
2012-12-04 14:42:11,149 INFO  [main] analytic.ObjectAnalytic (ObjectAnalytic.java:43)     - Field=userNum name=USER_NUM unique=false nullable=true
2012-12-04 14:42:11,151 INFO  [main] analytic.ObjectAnalytic (ObjectAnalytic.java:44)     - class java.lang.String
2012-12-04 14:42:11,153 INFO  [main] analytic.ObjectAnalytic (ObjectAnalytic.java:43)     - Field=createDate name=CREATE_TIME unique=false nullable=true
2012-12-04 14:42:11,155 INFO  [main] analytic.ObjectAnalytic (ObjectAnalytic.java:44)     - class java.sql.Timestamp
2012-12-04 14:51:17,819 INFO  [main] analytic.ObjectAnalytic (ObjectAnalytic.java:26)     - Table=T_BLACK_LIST Catalog=
2012-12-04 14:51:17,835 INFO  [main] analytic.ObjectAnalytic (ObjectAnalytic.java:36)     - field=id generic_name= uuid strategy= 0
2012-12-04 14:51:17,836 INFO  [main] analytic.ObjectAnalytic (ObjectAnalytic.java:43)     - Field=userArea name=USER_AREA unique=false nullable=true
2012-12-04 14:51:17,836 INFO  [main] analytic.ObjectAnalytic (ObjectAnalytic.java:44)     - class java.lang.String
2012-12-04 14:51:17,838 INFO  [main] analytic.ObjectAnalytic (ObjectAnalytic.java:43)     - Field=userNum name=USER_NUM unique=false nullable=true
2012-12-04 14:51:17,838 INFO  [main] analytic.ObjectAnalytic (ObjectAnalytic.java:44)     - class java.lang.String
2012-12-04 14:51:17,839 INFO  [main] analytic.ObjectAnalytic (ObjectAnalytic.java:43)     - Field=createDate name=CREATE_TIME unique=false nullable=true
2012-12-04 14:51:17,840 INFO  [main] analytic.ObjectAnalytic (ObjectAnalytic.java:44)     - class java.sql.Timestamp
2012-12-04 14:58:15,259 INFO  [main] analytic.ObjectAnalytic (ObjectAnalytic.java:27)     - Table=T_BLACK_LIST Catalog=
2012-12-04 14:58:15,274 INFO  [main] analytic.ObjectAnalytic (ObjectAnalytic.java:37)     - field=id generic_name= uuid strategy= 0
2012-12-04 14:58:15,275 INFO  [main] analytic.ObjectAnalytic (ObjectAnalytic.java:44)     - Field=userArea name=USER_AREA unique=false nullable=true
2012-12-04 14:58:15,275 INFO  [main] analytic.ObjectAnalytic (ObjectAnalytic.java:45)     - class java.lang.String
2012-12-04 14:58:15,276 INFO  [main] analytic.ObjectAnalytic (ObjectAnalytic.java:46)     - private
2012-12-04 14:58:15,276 INFO  [main] analytic.ObjectAnalytic (ObjectAnalytic.java:44)     - Field=userNum name=USER_NUM unique=false nullable=true
2012-12-04 14:58:15,277 INFO  [main] analytic.ObjectAnalytic (ObjectAnalytic.java:45)     - class java.lang.String
2012-12-04 14:58:15,278 INFO  [main] analytic.ObjectAnalytic (ObjectAnalytic.java:46)     - private
2012-12-04 14:58:15,278 INFO  [main] analytic.ObjectAnalytic (ObjectAnalytic.java:44)     - Field=createDate name=CREATE_TIME unique=false nullable=true
2012-12-04 14:58:15,279 INFO  [main] analytic.ObjectAnalytic (ObjectAnalytic.java:45)     - class java.sql.Timestamp
2012-12-04 14:58:15,279 INFO  [main] analytic.ObjectAnalytic (ObjectAnalytic.java:46)     - private
2012-12-04 15:21:14,746 INFO  [main] analytic.ObjectAnalytic (ObjectAnalytic.java:28)     - Table=T_BLACK_LIST Catalog=
2012-12-04 15:21:14,761 INFO  [main] analytic.ObjectAnalytic (ObjectAnalytic.java:38)     - field=id generic_name= uuid strategy= 0
2012-12-04 15:21:14,761 INFO  [main] analytic.ObjectAnalytic (ObjectAnalytic.java:45)     - Field=userArea name=USER_AREA unique=false nullable=true
2012-12-04 15:21:14,761 INFO  [main] analytic.ObjectAnalytic (ObjectAnalytic.java:46)     - class java.lang.String
2012-12-04 15:21:14,762 INFO  [main] analytic.ObjectAnalytic (ObjectAnalytic.java:47)     - private
2012-12-04 15:21:14,764 INFO  [main] analytic.ObjectAnalytic (ObjectAnalytic.java:48)     - 
2012-12-04 15:21:14,765 INFO  [main] analytic.ObjectAnalytic (ObjectAnalytic.java:45)     - Field=userNum name=USER_NUM unique=false nullable=true
2012-12-04 15:21:14,765 INFO  [main] analytic.ObjectAnalytic (ObjectAnalytic.java:46)     - class java.lang.String
2012-12-04 15:21:14,766 INFO  [main] analytic.ObjectAnalytic (ObjectAnalytic.java:47)     - private
2012-12-04 15:21:14,767 INFO  [main] analytic.ObjectAnalytic (ObjectAnalytic.java:48)     - 
2012-12-04 15:21:14,768 INFO  [main] analytic.ObjectAnalytic (ObjectAnalytic.java:45)     - Field=createDate name=CREATE_TIME unique=false nullable=true
2012-12-04 15:21:14,768 INFO  [main] analytic.ObjectAnalytic (ObjectAnalytic.java:46)     - class java.sql.Timestamp
2012-12-04 15:21:14,769 INFO  [main] analytic.ObjectAnalytic (ObjectAnalytic.java:47)     - private
2012-12-04 15:21:14,770 INFO  [main] analytic.ObjectAnalytic (ObjectAnalytic.java:48)     - 
2012-12-04 15:30:40,230 INFO  [main] analytic.ObjectAnalytic (ObjectAnalytic.java:28)     - Table=T_BLACK_LIST Catalog=
2012-12-04 15:30:40,245 INFO  [main] analytic.ObjectAnalytic (ObjectAnalytic.java:38)     - field=id generic_name= uuid strategy= 0
2012-12-04 15:30:40,245 INFO  [main] analytic.ObjectAnalytic (ObjectAnalytic.java:45)     - Field=userArea name=USER_AREA unique=false nullable=true
2012-12-04 15:30:40,245 INFO  [main] analytic.ObjectAnalytic (ObjectAnalytic.java:46)     - class java.lang.String
2012-12-04 15:30:40,246 INFO  [main] analytic.ObjectAnalytic (ObjectAnalytic.java:47)     - private
2012-12-04 15:30:40,246 INFO  [main] analytic.ObjectAnalytic (ObjectAnalytic.java:48)     - 0871
2012-12-04 15:30:40,247 INFO  [main] analytic.ObjectAnalytic (ObjectAnalytic.java:45)     - Field=userNum name=USER_NUM unique=false nullable=true
2012-12-04 15:30:40,247 INFO  [main] analytic.ObjectAnalytic (ObjectAnalytic.java:46)     - class java.lang.String
2012-12-04 15:30:40,247 INFO  [main] analytic.ObjectAnalytic (ObjectAnalytic.java:47)     - private
2012-12-04 15:30:40,247 INFO  [main] analytic.ObjectAnalytic (ObjectAnalytic.java:48)     - 15398577080
2012-12-04 15:30:40,248 INFO  [main] analytic.ObjectAnalytic (ObjectAnalytic.java:45)     - Field=createDate name=CREATE_TIME unique=false nullable=true
2012-12-04 15:30:40,248 INFO  [main] analytic.ObjectAnalytic (ObjectAnalytic.java:46)     - class java.sql.Timestamp
2012-12-04 15:30:40,248 INFO  [main] analytic.ObjectAnalytic (ObjectAnalytic.java:47)     - private
2012-12-04 15:30:40,249 INFO  [main] analytic.ObjectAnalytic (ObjectAnalytic.java:48)     - 2012-12-04 15:30:40.224
2012-12-04 15:49:24,837 INFO  [main] analytic.ObjectAnalytic (ObjectAnalytic.java:28)     - Table=T_BLACK_LIST Catalog=
2012-12-04 15:49:24,850 INFO  [main] analytic.ObjectAnalytic (ObjectAnalytic.java:38)     - field=id generic_name= uuid strategy= 0
2012-12-04 15:49:24,851 INFO  [main] analytic.ObjectAnalytic (ObjectAnalytic.java:45)     - Field=userArea name=USER_AREA unique=false nullable=true
2012-12-04 15:49:24,851 INFO  [main] analytic.ObjectAnalytic (ObjectAnalytic.java:46)     - class java.lang.String
2012-12-04 15:49:24,852 INFO  [main] analytic.ObjectAnalytic (ObjectAnalytic.java:47)     - private
2012-12-04 15:49:24,852 INFO  [main] analytic.ObjectAnalytic (ObjectAnalytic.java:49)     - set
2012-12-04 15:49:24,852 INFO  [main] analytic.ObjectAnalytic (ObjectAnalytic.java:45)     - Field=userNum name=USER_NUM unique=false nullable=true
2012-12-04 15:49:24,853 INFO  [main] analytic.ObjectAnalytic (ObjectAnalytic.java:46)     - class java.lang.String
2012-12-04 15:49:24,853 INFO  [main] analytic.ObjectAnalytic (ObjectAnalytic.java:47)     - private
2012-12-04 15:49:24,853 INFO  [main] analytic.ObjectAnalytic (ObjectAnalytic.java:49)     - set
2012-12-04 15:49:24,854 INFO  [main] analytic.ObjectAnalytic (ObjectAnalytic.java:45)     - Field=createDate name=CREATE_TIME unique=false nullable=true
2012-12-04 15:49:24,854 INFO  [main] analytic.ObjectAnalytic (ObjectAnalytic.java:46)     - class java.sql.Timestamp
2012-12-04 15:49:24,855 INFO  [main] analytic.ObjectAnalytic (ObjectAnalytic.java:47)     - private
2012-12-04 15:49:24,856 INFO  [main] analytic.ObjectAnalytic (ObjectAnalytic.java:49)     - 2012-12-04 15:49:24.833
